0 info it worked if it ends with ok
1 verbose cli [
1 verbose cli   '/home/asad/.nvm/versions/node/v14.15.5/bin/node',
1 verbose cli   '/home/asad/.nvm/versions/node/v14.15.5/bin/npm',
1 verbose cli   'start'
1 verbose cli ]
2 info using npm@2.15.12
3 info using node@v14.15.5
4 verbose run-script [ 'prestart', 'start', 'poststart' ]
5 info prestart demoapplication@1.0.0
6 info start demoapplication@1.0.0
7 verbose unsafe-perm in lifecycle true
8 info demoapplication@1.0.0 Failed to exec start script
9 verbose stack Error: demoapplication@1.0.0 start: `node server`
9 verbose stack Exit status 1
9 verbose stack     at EventEmitter.<anonymous> (/home/asad/.nvm/versions/node/v14.15.5/lib/node_modules/npm/lib/utils/lifecycle.js:217:16)
9 verbose stack     at EventEmitter.emit (events.js:315:20)
9 verbose stack     at ChildProcess.<anonymous> (/home/asad/.nvm/versions/node/v14.15.5/lib/node_modules/npm/lib/utils/spawn.js:24:14)
9 verbose stack     at ChildProcess.emit (events.js:315:20)
9 verbose stack     at maybeClose (internal/child_process.js:1048:16)
9 verbose stack     at Process.ChildProcess._handle.onexit (internal/child_process.js:288:5)
10 verbose pkgid demoapplication@1.0.0
11 verbose cwd /home/asad/Downloads/bigheartfoundationBackend-main
12 error Linux 5.19.0-27-generic
13 error argv "/home/asad/.nvm/versions/node/v14.15.5/bin/node" "/home/asad/.nvm/versions/node/v14.15.5/bin/npm" "start"
14 error node v14.15.5
15 error npm  v2.15.12
16 error code ELIFECYCLE
17 error demoapplication@1.0.0 start: `node server`
17 error Exit status 1
18 error Failed at the demoapplication@1.0.0 start script 'node server'.
18 error This is most likely a problem with the demoapplication package,
18 error not with npm itself.
18 error Tell the author that this fails on your system:
18 error     node server
18 error You can get information on how to open an issue for this project with:
18 error     npm bugs demoapplication
18 error Or if that isn't available, you can get their info via:
18 error
18 error     npm owner ls demoapplication
18 error There is likely additional logging output above.
19 verbose exit [ 1, true ]
